Init uml repository
Adding factory and initializing population for 'uml.Foundation.Data_Types.UnlimitedInteger'
Adding factory and initializing population for 'uml.Foundation.Data_Types.Time'
Adding factory and initializing population for 'uml.Foundation.Data_Types.Expression'
Adding factory and initializing population for 'uml.Foundation.Data_Types.Name'
Adding factory and initializing population for 'uml.Foundation.Data_Types.Multiplicity'
Adding factory and initializing population for 'uml.Foundation.Data_Types.MultiplicityRange'
Adding factory and initializing population for 'uml.Foundation.Data_Types.LocationReference'
Adding factory and initializing population for 'uml.Foundation.Data_Types.MappingExpression'
Adding factory and initializing population for 'uml.Foundation.Data_Types.Geometry'
Adding factory and initializing population for 'uml.Foundation.Data_Types.ActionExpression'
Adding factory and initializing population for 'uml.Foundation.Data_Types.BooleanExpression'
Adding factory and initializing population for 'uml.Foundation.Data_Types.ProcedureExpression'
Adding factory and initializing population for 'uml.Foundation.Data_Types.TypeExpression'
Adding factory and initializing population for 'uml.Foundation.Data_Types.ArgListsExpression'
Adding factory and initializing population for 'uml.Foundation.Data_Types.IterationExpression'
Adding factory and initializing population for 'uml.Foundation.Data_Types.ObjectSetExpression'
Adding factory and initializing population for 'uml.Foundation.Data_Types.TimeExpression'
Adding factory and initializing population for 'uml.Foundation.Data_Types.OrderingKind'
Adding factory and initializing population for 'uml.Foundation.Data_Types.VisibilityKind'
Adding factory and initializing population for 'uml.Foundation.Data_Types.ChangeabilityKind'
Adding factory and initializing population for 'uml.Foundation.Data_Types.CallConcurrencyKind'
Adding factory and initializing population for 'uml.Foundation.Data_Types.PseudostateKind'
Adding factory and initializing population for 'uml.Foundation.Data_Types.AggregationKind'
Adding factory and initializing population for 'uml.Foundation.Data_Types.ScopeKind'
Adding factory and initializing population for 'uml.Foundation.Data_Types.MessageDirectionKind'
Adding factory and initializing population for 'uml.Foundation.Data_Types.ParameterDirectionKind'
Adding factory and initializing population for 'uml.Foundation.Extension_Mechanisms.TaggedValue'
Adding factory and initializing population for 'uml.Foundation.Extension_Mechanisms.Stereotype'
Adding factory and initializing population for 'uml.Foundation.Extension_Mechanisms.TagDefinition'
Adding factory and initializing population for 'uml.Foundation.Extension_Mechanisms.StringArray'
Adding factory and initializing population for 'uml.Foundation.Core.Parameter'
Adding factory and initializing population for 'uml.Foundation.Core.Method'
Adding factory and initializing population for 'uml.Foundation.Core.Element'
Adding factory and initializing population for 'uml.Foundation.Core.Feature'
Adding factory and initializing population for 'uml.Foundation.Core.StructuralFeature'
Adding factory and initializing population for 'uml.Foundation.Core.BehavioralFeature'
Adding factory and initializing population for 'uml.Foundation.Core.Operation'
Adding factory and initializing population for 'uml.Foundation.Core.Attribute'
Adding factory and initializing population for 'uml.Foundation.Core.Relationship'
Adding factory and initializing population for 'uml.Foundation.Core.AssociationEnd'
Adding factory and initializing population for 'uml.Foundation.Core.Association'
Adding factory and initializing population for 'uml.Foundation.Core.Flow'
Adding factory and initializing population for 'uml.Foundation.Core.Generalization'
Adding factory and initializing population for 'uml.Foundation.Core.Classifier'
Adding factory and initializing population for 'uml.Foundation.Core.Class_'
Adding factory and initializing population for 'uml.Foundation.Core.AssociationClass'
Adding factory and initializing population for 'uml.Foundation.Core.Dependency'
Adding factory and initializing population for 'uml.Foundation.Core.Binding'
Adding factory and initializing population for 'uml.Foundation.Core.Usage'
Adding factory and initializing population for 'uml.Foundation.Core.Abstraction'
Adding factory and initializing population for 'uml.Foundation.Core.Permission'
Adding factory and initializing population for 'uml.Foundation.Core.Interface'
Adding factory and initializing population for 'uml.Foundation.Core.DataType'
Adding factory and initializing population for 'uml.Foundation.Core.Node'
Adding factory and initializing population for 'uml.Foundation.Core.Component'
Adding factory and initializing population for 'uml.Foundation.Core.GeneralizableElement'
Adding factory and initializing population for 'uml.Foundation.Core.Constraint'
Adding factory and initializing population for 'uml.Foundation.Core.ModelElement'
Adding factory and initializing population for 'uml.Foundation.Core.Namespace'
Adding factory and initializing population for 'uml.Foundation.Core.Comment'
Adding factory and initializing population for 'uml.Foundation.Core.PresentationElement'
Adding factory and initializing population for 'uml.Foundation.Core.Tie'
Adding factory and initializing population for 'uml.Foundation.Core.TemplateParameter'
Adding factory and initializing population for 'uml.Foundation.Core.Signal'
Adding factory and initializing population for 'uml.Foundation.Core.CallAction'
Adding factory and initializing population for 'uml.Foundation.Core.SendAction'
Adding factory and initializing population for 'uml.Foundation.Core.Primitive'
Adding factory and initializing population for 'uml.Foundation.Core.Enumeration_'
Adding factory and initializing population for 'uml.Foundation.Core.EnumLiteral'
Adding factory and initializing population for 'uml.Model_Management.Package'
Adding factory and initializing population for 'uml.Model_Management.Model'
Adding factory and initializing population for 'uml.Model_Management.Subsystem'
Adding factory and initializing population for 'uml.Behavioral_Elements.State_Machines.StateMachine'
Adding factory and initializing population for 'uml.Behavioral_Elements.State_Machines.Guard'
Adding factory and initializing population for 'uml.Behavioral_Elements.State_Machines.Transition'
Adding factory and initializing population for 'uml.Behavioral_Elements.State_Machines.StateVertex'
Adding factory and initializing population for 'uml.Behavioral_Elements.State_Machines.State'
Adding factory and initializing population for 'uml.Behavioral_Elements.State_Machines.Action'
Adding factory and initializing population for 'uml.Behavioral_Elements.State_Machines.SynchState'
Adding factory and initializing population for 'uml.Behavioral_Elements.State_Machines.Pseudostate'
Adding factory and initializing population for 'uml.Behavioral_Elements.State_Machines.StubState'
Adding factory and initializing population for 'uml.Behavioral_Elements.State_Machines.Event'
Adding factory and initializing population for 'uml.Behavioral_Elements.State_Machines.CallEvent'
Adding factory and initializing population for 'uml.Behavioral_Elements.State_Machines.CompositeState'
Reading XMI file 'D:\Project(Xor)\src\project\SampleXMI\salemanxorValid.xmi' ...
